2018-08-31 12:28:02 - MOD: Modification Default

FILE: system/engine/action.php
REGEX: ~(require|include)(_once)?\(([^)]+)~
LINE: 41

FILE: system/engine/loader.php
REGEX: ~(require|include)(_once)?\(([^)]+)~
LINE: 49
LINE: 108
LINE: 120
LINE: 165

FILE: system/library/config.php
REGEX: ~(require|include)(_once)?\(([^)]+)~
LINE: 23

FILE: system/library/language.php
REGEX: ~(require|include)(_once)?\(([^)]+)~
LINE: 38
LINE: 40
LINE: 49
LINE: 51
LINE: 60
LINE: 62

FILE: system/library/template/php.php
REGEX: ~(require|include)(_once)?\(([^)]+)~
LINE: 18

FILE: system/library/template/tiwg.php
REGEX: ~(require|include)(_once)?\(([^)]+)~
LINE: 24
----------------------------------------------------------------
MOD: fondy_payment

FILE: catalog/controller/checkout/checkout.php
CODE: public function index() {
LINE: 11

FILE: catalog/view/theme/default/template/checkout/checkout.tpl
CODE: <h1><?php echo $heading_title; ?></h1>
LINE: 26
----------------------------------------------------------------
MOD: OcStore 2.3.x track number

FILE: admin/controller/sale/order.php
CODE: $data['shipping_method'] = $order_info['shipping_method'];
LINE: 567
LINE: 942
CODE: public function history() {
LINE: 1545

FILE: admin/model/sale/order.php
CODE: $order_query->row['order_id'],
LINE: 96

FILE: catalog/model/checkout/order.php
CODE: $order_query->row['order_id'],
LINE: 170

FILE: admin/view/template/sale/order_info.tpl
CODE: <td><?php echo $text_reward; ?></td>
LINE: 100
CODE: <?php echo $footer; ?>
LINE: 700

FILE: catalog/model/account/order.php
CODE: $order_query->row['order_id'],
LINE: 46

FILE: catalog/controller/account/order.php
CODE: if ($order_info['invoice_no']) {
LINE: 210

FILE: catalog/view/theme/default/template/account/order_info.tpl
CODE: <b><?php echo $text_shipping_method; ?></b> <?php echo $shipping_method; ?>
LINE: 49
----------------------------------------------------------------
MOD: Local copy OCMOD by iSenseLabs

FILE: admin/controller/extension/installer.php
CODE: 'url'  => str_replace('&amp;', '&', $this->url->link('extension/installer/ftp', 'token=' . $this->session->data['token'],
LINE: 131
CODE: public function unzip() {
LINE: 292
----------------------------------------------------------------
2018-08-31 12:28:04 - MOD: Modification Default

FILE: system/engine/action.php
REGEX: ~(require|include)(_once)?\(([^)]+)~
LINE: 41

FILE: system/engine/loader.php
REGEX: ~(require|include)(_once)?\(([^)]+)~
LINE: 49
LINE: 108
LINE: 120
LINE: 165

FILE: system/library/config.php
REGEX: ~(require|include)(_once)?\(([^)]+)~
LINE: 23

FILE: system/library/language.php
REGEX: ~(require|include)(_once)?\(([^)]+)~
LINE: 38
LINE: 40
LINE: 49
LINE: 51
LINE: 60
LINE: 62

FILE: system/library/template/php.php
REGEX: ~(require|include)(_once)?\(([^)]+)~
LINE: 18

FILE: system/library/template/tiwg.php
REGEX: ~(require|include)(_once)?\(([^)]+)~
LINE: 24
----------------------------------------------------------------
MOD: fondy_payment

FILE: catalog/controller/checkout/checkout.php
CODE: public function index() {
LINE: 11

FILE: catalog/view/theme/default/template/checkout/checkout.tpl
CODE: <h1><?php echo $heading_title; ?></h1>
LINE: 26
----------------------------------------------------------------
MOD: OcStore 2.3.x track number

FILE: admin/controller/sale/order.php
CODE: $data['shipping_method'] = $order_info['shipping_method'];
LINE: 567
LINE: 942
CODE: public function history() {
LINE: 1545

FILE: admin/model/sale/order.php
CODE: $order_query->row['order_id'],
LINE: 96

FILE: catalog/model/checkout/order.php
CODE: $order_query->row['order_id'],
LINE: 170

FILE: admin/view/template/sale/order_info.tpl
CODE: <td><?php echo $text_reward; ?></td>
LINE: 100
CODE: <?php echo $footer; ?>
LINE: 700

FILE: catalog/model/account/order.php
CODE: $order_query->row['order_id'],
LINE: 46

FILE: catalog/controller/account/order.php
CODE: if ($order_info['invoice_no']) {
LINE: 210

FILE: catalog/view/theme/default/template/account/order_info.tpl
CODE: <b><?php echo $text_shipping_method; ?></b> <?php echo $shipping_method; ?>
LINE: 49
----------------------------------------------------------------
MOD: Local copy OCMOD by iSenseLabs

FILE: admin/controller/extension/installer.php
CODE: 'url'  => str_replace('&amp;', '&', $this->url->link('extension/installer/ftp', 'token=' . $this->session->data['token'],
LINE: 131
CODE: public function unzip() {
LINE: 292
----------------------------------------------------------------
2018-08-31 12:28:28 - MOD: Modification Default

FILE: system/engine/action.php
REGEX: ~(require|include)(_once)?\(([^)]+)~
LINE: 41

FILE: system/engine/loader.php
REGEX: ~(require|include)(_once)?\(([^)]+)~
LINE: 49
LINE: 108
LINE: 120
LINE: 165

FILE: system/library/config.php
REGEX: ~(require|include)(_once)?\(([^)]+)~
LINE: 23

FILE: system/library/language.php
REGEX: ~(require|include)(_once)?\(([^)]+)~
LINE: 38
LINE: 40
LINE: 49
LINE: 51
LINE: 60
LINE: 62

FILE: system/library/template/php.php
REGEX: ~(require|include)(_once)?\(([^)]+)~
LINE: 18

FILE: system/library/template/tiwg.php
REGEX: ~(require|include)(_once)?\(([^)]+)~
LINE: 24
----------------------------------------------------------------
MOD: fondy_payment

FILE: catalog/controller/checkout/checkout.php
CODE: public function index() {
LINE: 11

FILE: catalog/view/theme/default/template/checkout/checkout.tpl
CODE: <h1><?php echo $heading_title; ?></h1>
LINE: 26
----------------------------------------------------------------
MOD: OcStore 2.3.x track number

FILE: admin/controller/sale/order.php
CODE: $data['shipping_method'] = $order_info['shipping_method'];
LINE: 567
LINE: 942
CODE: public function history() {
LINE: 1545

FILE: admin/model/sale/order.php
CODE: $order_query->row['order_id'],
LINE: 96

FILE: catalog/model/checkout/order.php
CODE: $order_query->row['order_id'],
LINE: 170

FILE: admin/view/template/sale/order_info.tpl
CODE: <td><?php echo $text_reward; ?></td>
LINE: 100
CODE: <?php echo $footer; ?>
LINE: 700

FILE: catalog/model/account/order.php
CODE: $order_query->row['order_id'],
LINE: 46

FILE: catalog/controller/account/order.php
CODE: if ($order_info['invoice_no']) {
LINE: 210

FILE: catalog/view/theme/default/template/account/order_info.tpl
CODE: <b><?php echo $text_shipping_method; ?></b> <?php echo $shipping_method; ?>
LINE: 49
----------------------------------------------------------------
MOD: Local copy OCMOD by iSenseLabs

FILE: admin/controller/extension/installer.php
CODE: 'url'  => str_replace('&amp;', '&', $this->url->link('extension/installer/ftp', 'token=' . $this->session->data['token'],
LINE: 131
CODE: public function unzip() {
LINE: 292
----------------------------------------------------------------
2018-08-31 12:28:44 - MOD: Modification Default

FILE: system/engine/action.php
REGEX: ~(require|include)(_once)?\(([^)]+)~
LINE: 41

FILE: system/engine/loader.php
REGEX: ~(require|include)(_once)?\(([^)]+)~
LINE: 49
LINE: 108
LINE: 120
LINE: 165

FILE: system/library/config.php
REGEX: ~(require|include)(_once)?\(([^)]+)~
LINE: 23

FILE: system/library/language.php
REGEX: ~(require|include)(_once)?\(([^)]+)~
LINE: 38
LINE: 40
LINE: 49
LINE: 51
LINE: 60
LINE: 62

FILE: system/library/template/php.php
REGEX: ~(require|include)(_once)?\(([^)]+)~
LINE: 18

FILE: system/library/template/tiwg.php
REGEX: ~(require|include)(_once)?\(([^)]+)~
LINE: 24

FILE: system/library/template/twig.php
NOT FOUND - OPERATIONS ABORTED!
----------------------------------------------------------------
MOD: d_event_manager_startup

FILE: system/library/d_event_manager/action.php
REGEX: ~(require|include)(_once)?\(([^)]+)~
LINE: 44

FILE: system/library/d_event_manager/event.php
NOT FOUND - OPERATIONS ABORTED!

FILE: system/library/d_event_manager/loader.php
REGEX: ~(require|include)(_once)?\(([^)]+)~
LINE: 167

FILE: system/library/d_event_manager/proxy.php
NOT FOUND - OPERATIONS ABORTED!
----------------------------------------------------------------
MOD: fondy_payment

FILE: catalog/controller/checkout/checkout.php
CODE: public function index() {
LINE: 11

FILE: catalog/view/theme/default/template/checkout/checkout.tpl
CODE: <h1><?php echo $heading_title; ?></h1>
LINE: 26
----------------------------------------------------------------
MOD: OcStore 2.3.x track number

FILE: admin/controller/sale/order.php
CODE: $data['shipping_method'] = $order_info['shipping_method'];
LINE: 567
LINE: 942
CODE: public function history() {
LINE: 1545

FILE: admin/model/sale/order.php
CODE: $order_query->row['order_id'],
LINE: 96

FILE: catalog/model/checkout/order.php
CODE: $order_query->row['order_id'],
LINE: 170

FILE: admin/view/template/sale/order_info.tpl
CODE: <td><?php echo $text_reward; ?></td>
LINE: 100
CODE: <?php echo $footer; ?>
LINE: 700

FILE: catalog/model/account/order.php
CODE: $order_query->row['order_id'],
LINE: 46

FILE: catalog/controller/account/order.php
CODE: if ($order_info['invoice_no']) {
LINE: 210

FILE: catalog/view/theme/default/template/account/order_info.tpl
CODE: <b><?php echo $text_shipping_method; ?></b> <?php echo $shipping_method; ?>
LINE: 49
----------------------------------------------------------------
MOD: Local copy OCMOD by iSenseLabs

FILE: admin/controller/extension/installer.php
CODE: 'url'  => str_replace('&amp;', '&', $this->url->link('extension/installer/ftp', 'token=' . $this->session->data['token'],
LINE: 131
CODE: public function unzip() {
LINE: 292
----------------------------------------------------------------
MOD: d_opencart_patch
CODE: public function controller($route, $args = array()) {
NOT FOUND - OPERATION SKIPPED!
CODE: $controller = new $class($this->registry);
NOT FOUND - OPERATION SKIPPED!
CODE: public function controller($route, $data = array()) {
LINE: 47
CODE: $controller = new $class($this->registry);
NOT FOUND - OPERATION SKIPPED!
CODE: $file = DIR_LANGUAGE . $this->default . '/' . $filename . '.php';
LINE: 49
CODE: $parts = explode('/', str_replace('../', '', (string)$route));
NOT FOUND - OPERATION SKIPPED!

FILE: catalog/controller/checkout/shipping_method.php
CODE: $quote = $this->{'model_shipping_' . $result['code']}->getQuote($this->session->data['shipping_address']);
NOT FOUND - OPERATION SKIPPED!
CODE: $this->load->model('shipping/' . $result['code']);
NOT FOUND - OPERATION SKIPPED!

FILE: catalog/controller/checkout/payment_method.php
CODE: $this->{'model_total_' . $result['code']}->getTotal($total_data, $total, $taxes);
NOT FOUND - OPERATION SKIPPED!
CODE: $this->load->model('total/' . $result['code']);
NOT FOUND - OPERATION SKIPPED!
CODE: $this->{'model_total_' . $result['code']}->getTotal($total_data);
NOT FOUND - OPERATION SKIPPED!
CODE: $method = $this->{'model_payment_' . $result['code']}->getMethod($this->session->data['payment_address'], $total);
NOT FOUND - OPERATION SKIPPED!
CODE: $this->load->model('payment/' . $result['code']);
NOT FOUND - OPERATION SKIPPED!
CODE: if ($recurring) {
LINE: 55

FILE: admin/controller/design/layout.php
CODE: $this->load->language('module/' . $code);
NOT FOUND - OPERATION SKIPPED!

FILE: admin/controller/user/user_permission.php
CODE: $files = glob(DIR_APPLICATION . 'controller/*/*.php');
NOT FOUND - OPERATION SKIPPED!
CODE: $permission = end($part) . '/' . basename($file, '.php');
NOT FOUND - OPERATION SKIPPED!
CODE: $modification_info = $this->model_extension_modification->getModificationByCode($code);
LINE: 533
----------------------------------------------------------------
2018-08-31 12:30:10 - MOD: Modification Default
FILE: system/engine/action.php
REGEX: ~(require|include)(_once)?\(([^)]+)~
LINE: 41
FILE: system/engine/loader.php
REGEX: ~(require|include)(_once)?\(([^)]+)~
LINE: 49
LINE: 108
LINE: 120
LINE: 165
FILE: system/library/config.php
REGEX: ~(require|include)(_once)?\(([^)]+)~
LINE: 23
FILE: system/library/language.php
REGEX: ~(require|include)(_once)?\(([^)]+)~
LINE: 38
LINE: 40
LINE: 49
LINE: 51
LINE: 60
LINE: 62
FILE: system/library/template/php.php
REGEX: ~(require|include)(_once)?\(([^)]+)~
LINE: 18
FILE: system/library/template/tiwg.php
REGEX: ~(require|include)(_once)?\(([^)]+)~
LINE: 24
FILE: system/library/template/twig.php
NOT FOUND!
----------------------------------------------------------------
MOD: d_event_manager_startup
FILE: system/library/d_event_manager/action.php
REGEX: ~(require|include)(_once)?\(([^)]+)~
LINE: 44
FILE: system/library/d_event_manager/event.php
NOT FOUND!
FILE: system/library/d_event_manager/loader.php
REGEX: ~(require|include)(_once)?\(([^)]+)~
LINE: 167
FILE: system/library/d_event_manager/proxy.php
NOT FOUND!
----------------------------------------------------------------
MOD: fondy_payment
FILE: catalog/controller/checkout/checkout.php
CODE: public function index() {
LINE: 11
FILE: catalog/view/theme/default/template/checkout/checkout.tpl
CODE: <h1><?php echo $heading_title; ?></h1>
LINE: 26
----------------------------------------------------------------
MOD: OcStore 2.3.x track number
FILE: admin/controller/sale/order.php
CODE: $data['shipping_method'] = $order_info['shipping_method'];
LINE: 567
LINE: 942
CODE: public function history() {
LINE: 1545
FILE: admin/model/sale/order.php
CODE: $order_query->row['order_id'],
LINE: 96
FILE: catalog/model/checkout/order.php
CODE: $order_query->row['order_id'],
LINE: 170
FILE: admin/view/template/sale/order_info.tpl
CODE: <td><?php echo $text_reward; ?></td>
LINE: 100
CODE: <?php echo $footer; ?>
LINE: 700
FILE: catalog/model/account/order.php
CODE: $order_query->row['order_id'],
LINE: 46
FILE: catalog/controller/account/order.php
CODE: if ($order_info['invoice_no']) {
LINE: 210
FILE: catalog/view/theme/default/template/account/order_info.tpl
CODE: <b><?php echo $text_shipping_method; ?></b> <?php echo $shipping_method; ?>
LINE: 49
----------------------------------------------------------------
MOD: d_admin_menu
FILE: admin/view/template/common/column_left.tpl
CODE: <nav id="column-left"><?php echo $profile; ?><?php echo $menu; ?><?php echo $stats; ?></nav>
NOT FOUND!
CODE: <div id="stats">
LINE: 60
----------------------------------------------------------------
MOD: d_opencart_patch
CODE: public function controller($route, $args = array()) {
NOT FOUND!
CODE: $controller = new $class($this->registry);
NOT FOUND!
CODE: public function controller($route, $data = array()) {
LINE: 47
CODE: $controller = new $class($this->registry);
NOT FOUND!
CODE: $file = DIR_LANGUAGE . $this->default . '/' . $filename . '.php';
LINE: 49
CODE: $parts = explode('/', str_replace('../', '', (string)$route));
NOT FOUND!
FILE: catalog/controller/checkout/shipping_method.php
CODE: $quote = $this->{'model_shipping_' . $result['code']}->getQuote($this->session->data['shipping_address']);
NOT FOUND!
CODE: $this->load->model('shipping/' . $result['code']);
NOT FOUND!
FILE: catalog/controller/checkout/payment_method.php
CODE: $this->{'model_total_' . $result['code']}->getTotal($total_data, $total, $taxes);
NOT FOUND!
CODE: $this->load->model('total/' . $result['code']);
NOT FOUND!
CODE: $this->{'model_total_' . $result['code']}->getTotal($total_data);
NOT FOUND!
CODE: $method = $this->{'model_payment_' . $result['code']}->getMethod($this->session->data['payment_address'], $total);
NOT FOUND!
CODE: $this->load->model('payment/' . $result['code']);
NOT FOUND!
CODE: if ($recurring) {
LINE: 55
FILE: admin/controller/design/layout.php
CODE: $this->load->language('module/' . $code);
NOT FOUND!
FILE: admin/controller/user/user_permission.php
CODE: $files = glob(DIR_APPLICATION . 'controller/*/*.php');
NOT FOUND!
CODE: $permission = end($part) . '/' . basename($file, '.php');
NOT FOUND!
FILE: admin/controller/extension/installer.php
CODE: $modification_info = $this->model_extension_modification->getModificationByCode($code);
LINE: 457
----------------------------------------------------------------
MOD: Local copy OCMOD by iSenseLabs
CODE: 'url'  => str_replace('&amp;', '&', $this->url->link('extension/installer/ftp', 'token=' . $this->session->data['token'],
LINE: 131
CODE: public function unzip() {
LINE: 292
----------------------------------------------------------------
2018-08-31 12:30:24 - MOD: Modification Default
FILE: system/engine/action.php
REGEX: ~(require|include)(_once)?\(([^)]+)~
LINE: 41
FILE: system/engine/loader.php
REGEX: ~(require|include)(_once)?\(([^)]+)~
LINE: 49
LINE: 108
LINE: 120
LINE: 165
FILE: system/library/config.php
REGEX: ~(require|include)(_once)?\(([^)]+)~
LINE: 23
FILE: system/library/language.php
REGEX: ~(require|include)(_once)?\(([^)]+)~
LINE: 38
LINE: 40
LINE: 49
LINE: 51
LINE: 60
LINE: 62
FILE: system/library/template/php.php
REGEX: ~(require|include)(_once)?\(([^)]+)~
LINE: 18
FILE: system/library/template/tiwg.php
REGEX: ~(require|include)(_once)?\(([^)]+)~
LINE: 24
FILE: system/library/template/twig.php
NOT FOUND!
----------------------------------------------------------------
MOD: d_event_manager_startup
FILE: system/library/d_event_manager/action.php
REGEX: ~(require|include)(_once)?\(([^)]+)~
LINE: 44
FILE: system/library/d_event_manager/event.php
NOT FOUND!
FILE: system/library/d_event_manager/loader.php
REGEX: ~(require|include)(_once)?\(([^)]+)~
LINE: 167
FILE: system/library/d_event_manager/proxy.php
NOT FOUND!
----------------------------------------------------------------
MOD: fondy_payment
FILE: catalog/controller/checkout/checkout.php
CODE: public function index() {
LINE: 11
FILE: catalog/view/theme/default/template/checkout/checkout.tpl
CODE: <h1><?php echo $heading_title; ?></h1>
LINE: 26
----------------------------------------------------------------
MOD: OcStore 2.3.x track number
FILE: admin/controller/sale/order.php
CODE: $data['shipping_method'] = $order_info['shipping_method'];
LINE: 567
LINE: 942
CODE: public function history() {
LINE: 1545
FILE: admin/model/sale/order.php
CODE: $order_query->row['order_id'],
LINE: 96
FILE: catalog/model/checkout/order.php
CODE: $order_query->row['order_id'],
LINE: 170
FILE: admin/view/template/sale/order_info.tpl
CODE: <td><?php echo $text_reward; ?></td>
LINE: 100
CODE: <?php echo $footer; ?>
LINE: 700
FILE: catalog/model/account/order.php
CODE: $order_query->row['order_id'],
LINE: 46
FILE: catalog/controller/account/order.php
CODE: if ($order_info['invoice_no']) {
LINE: 210
FILE: catalog/view/theme/default/template/account/order_info.tpl
CODE: <b><?php echo $text_shipping_method; ?></b> <?php echo $shipping_method; ?>
LINE: 49
----------------------------------------------------------------
MOD: d_admin_menu
FILE: admin/view/template/common/column_left.tpl
CODE: <nav id="column-left"><?php echo $profile; ?><?php echo $menu; ?><?php echo $stats; ?></nav>
NOT FOUND!
CODE: <div id="stats">
LINE: 60
----------------------------------------------------------------
MOD: d_opencart_patch
CODE: public function controller($route, $args = array()) {
NOT FOUND!
CODE: $controller = new $class($this->registry);
NOT FOUND!
CODE: public function controller($route, $data = array()) {
LINE: 47
CODE: $controller = new $class($this->registry);
NOT FOUND!
CODE: $file = DIR_LANGUAGE . $this->default . '/' . $filename . '.php';
LINE: 49
CODE: $parts = explode('/', str_replace('../', '', (string)$route));
NOT FOUND!
FILE: catalog/controller/checkout/shipping_method.php
CODE: $quote = $this->{'model_shipping_' . $result['code']}->getQuote($this->session->data['shipping_address']);
NOT FOUND!
CODE: $this->load->model('shipping/' . $result['code']);
NOT FOUND!
FILE: catalog/controller/checkout/payment_method.php
CODE: $this->{'model_total_' . $result['code']}->getTotal($total_data, $total, $taxes);
NOT FOUND!
CODE: $this->load->model('total/' . $result['code']);
NOT FOUND!
CODE: $this->{'model_total_' . $result['code']}->getTotal($total_data);
NOT FOUND!
CODE: $method = $this->{'model_payment_' . $result['code']}->getMethod($this->session->data['payment_address'], $total);
NOT FOUND!
CODE: $this->load->model('payment/' . $result['code']);
NOT FOUND!
CODE: if ($recurring) {
LINE: 55
FILE: admin/controller/design/layout.php
CODE: $this->load->language('module/' . $code);
NOT FOUND!
FILE: admin/controller/user/user_permission.php
CODE: $files = glob(DIR_APPLICATION . 'controller/*/*.php');
NOT FOUND!
CODE: $permission = end($part) . '/' . basename($file, '.php');
NOT FOUND!
FILE: admin/controller/extension/installer.php
CODE: $modification_info = $this->model_extension_modification->getModificationByCode($code);
LINE: 457
----------------------------------------------------------------
MOD: d_twig_manager
CODE: $file = DIR_TEMPLATE . $template;
NOT FOUND!
CODE: $output = $template->render($route . '.tpl'
LINE: 131
----------------------------------------------------------------
MOD: Local copy OCMOD by iSenseLabs
CODE: 'url'  => str_replace('&amp;', '&', $this->url->link('extension/installer/ftp', 'token=' . $this->session->data['token'],
LINE: 131
CODE: public function unzip() {
LINE: 292
----------------------------------------------------------------
2018-08-31 12:30:50 - MOD: Modification Default
FILE: system/engine/action.php
REGEX: ~(require|include)(_once)?\(([^)]+)~
LINE: 41
FILE: system/engine/loader.php
REGEX: ~(require|include)(_once)?\(([^)]+)~
LINE: 49
LINE: 108
LINE: 120
LINE: 165
FILE: system/library/config.php
REGEX: ~(require|include)(_once)?\(([^)]+)~
LINE: 23
FILE: system/library/language.php
REGEX: ~(require|include)(_once)?\(([^)]+)~
LINE: 38
LINE: 40
LINE: 49
LINE: 51
LINE: 60
LINE: 62
FILE: system/library/template/php.php
REGEX: ~(require|include)(_once)?\(([^)]+)~
LINE: 18
FILE: system/library/template/tiwg.php
REGEX: ~(require|include)(_once)?\(([^)]+)~
LINE: 24
FILE: system/library/template/twig.php
NOT FOUND!
----------------------------------------------------------------
MOD: d_event_manager_startup
FILE: system/library/d_event_manager/action.php
REGEX: ~(require|include)(_once)?\(([^)]+)~
LINE: 44
FILE: system/library/d_event_manager/event.php
NOT FOUND!
FILE: system/library/d_event_manager/loader.php
REGEX: ~(require|include)(_once)?\(([^)]+)~
LINE: 167
FILE: system/library/d_event_manager/proxy.php
NOT FOUND!
----------------------------------------------------------------
MOD: fondy_payment
FILE: catalog/controller/checkout/checkout.php
CODE: public function index() {
LINE: 11
FILE: catalog/view/theme/default/template/checkout/checkout.tpl
CODE: <h1><?php echo $heading_title; ?></h1>
LINE: 26
----------------------------------------------------------------
MOD: OcStore 2.3.x track number
FILE: admin/controller/sale/order.php
CODE: $data['shipping_method'] = $order_info['shipping_method'];
LINE: 567
LINE: 942
CODE: public function history() {
LINE: 1545
FILE: admin/model/sale/order.php
CODE: $order_query->row['order_id'],
LINE: 96
FILE: catalog/model/checkout/order.php
CODE: $order_query->row['order_id'],
LINE: 170
FILE: admin/view/template/sale/order_info.tpl
CODE: <td><?php echo $text_reward; ?></td>
LINE: 100
CODE: <?php echo $footer; ?>
LINE: 700
FILE: catalog/model/account/order.php
CODE: $order_query->row['order_id'],
LINE: 46
FILE: catalog/controller/account/order.php
CODE: if ($order_info['invoice_no']) {
LINE: 210
FILE: catalog/view/theme/default/template/account/order_info.tpl
CODE: <b><?php echo $text_shipping_method; ?></b> <?php echo $shipping_method; ?>
LINE: 49
----------------------------------------------------------------
MOD: d_admin_menu
FILE: admin/view/template/common/column_left.tpl
CODE: <nav id="column-left"><?php echo $profile; ?><?php echo $menu; ?><?php echo $stats; ?></nav>
NOT FOUND!
CODE: <div id="stats">
LINE: 60
----------------------------------------------------------------
MOD: d_event_manager
CODE: public function __construct($registry) {
LINE: 8
CODE: public function controller($route, $args = array()) {
NOT FOUND!
CODE: public function controller($route, $data = array()) {
LINE: 12
CODE: public function model($model) {
NOT FOUND!
CODE: public function model($model, $data = array()) {
NOT FOUND!
CODE: $this->registry->set('model_' . str_replace('/', '_', $model), new $class($this->registry));
NOT FOUND!
CODE: public function view($template, $data = array()) {
NOT FOUND!
CODE: public function config($config) {
NOT FOUND!
CODE: public function language($language) {
NOT FOUND!
CODE: public function __get($key) {
NOT FOUND!
CODE: public function __set($key, $value) {
NOT FOUND!
CODE: protected $registry;
LINE: 5
FILE: system/engine/front.php
CODE: while ($action) {
NOT FOUND!
CODE: private $registry;
NOT FOUND!
CODE: $result = $this->registry->get('event')->trigger('controller/' . $route . '/before', array(&$route, &$data));
NOT FOUND!
CODE: $this->registry->get('event')->trigger('view/' . $route . '/before', array(&$route, &$data));
NOT FOUND!
CODE: $template = new Template('basic');
NOT FOUND!
CODE: $this->registry->get('event')->trigger('view/' . $route . '/after', array(&$route, &$data, &$output));
LINE: 109
CODE: $this->registry->get('event')->trigger('config/' . $route . '/before', $route);
NOT FOUND!
CODE: $this->registry->get('event')->trigger('config/' . $route . '/after', $route);
NOT FOUND!
CODE: $this->registry->get('event')->trigger('language/' . $route . '/before', $route);
NOT FOUND!
CODE: $this->registry->get('event')->trigger('language/' . $route . '/after', $route);
NOT FOUND!
CODE: $result = $registry->get('event')->trigger('model/' . $route . '/before', array_merge(array(&$route), $args));
NOT FOUND!
CODE: $result = $registry->get('event')->trigger('model/' . $route . '/after', array_merge(array(&$route, &$output), $args));
NOT FOUND!
FILE: system/engine/event.php
CODE: foreach ($this->data as $key => $value) {
NOT FOUND!
CODE: if (!$output) {
LINE: 98
CODE: foreach ($this->data as $trigger => $actions) {
LINE: 24
----------------------------------------------------------------
MOD: d_opencart_patch
CODE: public function controller($route, $args = array()) {
LINE: 56
CODE: $controller = new $class($this->registry);
NOT FOUND!
CODE: public function controller($route, $data = array()) {
NOT FOUND!
CODE: $controller = new $class($this->registry);
NOT FOUND!
CODE: $file = DIR_LANGUAGE . $this->default . '/' . $filename . '.php';
LINE: 49
CODE: $parts = explode('/', str_replace('../', '', (string)$route));
NOT FOUND!
FILE: catalog/controller/checkout/shipping_method.php
CODE: $quote = $this->{'model_shipping_' . $result['code']}->getQuote($this->session->data['shipping_address']);
NOT FOUND!
CODE: $this->load->model('shipping/' . $result['code']);
NOT FOUND!
FILE: catalog/controller/checkout/payment_method.php
CODE: $this->{'model_total_' . $result['code']}->getTotal($total_data, $total, $taxes);
NOT FOUND!
CODE: $this->load->model('total/' . $result['code']);
NOT FOUND!
CODE: $this->{'model_total_' . $result['code']}->getTotal($total_data);
NOT FOUND!
CODE: $method = $this->{'model_payment_' . $result['code']}->getMethod($this->session->data['payment_address'], $total);
NOT FOUND!
CODE: $this->load->model('payment/' . $result['code']);
NOT FOUND!
CODE: if ($recurring) {
LINE: 55
FILE: admin/controller/design/layout.php
CODE: $this->load->language('module/' . $code);
NOT FOUND!
FILE: admin/controller/user/user_permission.php
CODE: $files = glob(DIR_APPLICATION . 'controller/*/*.php');
NOT FOUND!
CODE: $permission = end($part) . '/' . basename($file, '.php');
NOT FOUND!
FILE: admin/controller/extension/installer.php
CODE: $modification_info = $this->model_extension_modification->getModificationByCode($code);
LINE: 457
----------------------------------------------------------------
MOD: d_twig_manager
CODE: $file = DIR_TEMPLATE . $template;
NOT FOUND!
CODE: $output = $template->render($route . '.tpl'
LINE: 150
----------------------------------------------------------------
MOD: Local copy OCMOD by iSenseLabs
CODE: 'url'  => str_replace('&amp;', '&', $this->url->link('extension/installer/ftp', 'token=' . $this->session->data['token'],
LINE: 131
CODE: public function unzip() {
LINE: 292
----------------------------------------------------------------
2018-08-31 12:41:17 - MOD: Modification Default
FILE: system/engine/action.php
REGEX: ~(require|include)(_once)?\(([^)]+)~
LINE: 41
FILE: system/engine/loader.php
REGEX: ~(require|include)(_once)?\(([^)]+)~
LINE: 49
LINE: 108
LINE: 120
LINE: 165
FILE: system/library/config.php
REGEX: ~(require|include)(_once)?\(([^)]+)~
LINE: 23
FILE: system/library/language.php
REGEX: ~(require|include)(_once)?\(([^)]+)~
LINE: 38
LINE: 40
LINE: 49
LINE: 51
LINE: 60
LINE: 62
FILE: system/library/template/php.php
REGEX: ~(require|include)(_once)?\(([^)]+)~
LINE: 18
FILE: system/library/template/tiwg.php
REGEX: ~(require|include)(_once)?\(([^)]+)~
LINE: 24
FILE: system/library/template/twig.php
NOT FOUND!
----------------------------------------------------------------
MOD: d_event_manager_startup
FILE: system/library/d_event_manager/action.php
REGEX: ~(require|include)(_once)?\(([^)]+)~
LINE: 44
FILE: system/library/d_event_manager/event.php
NOT FOUND!
FILE: system/library/d_event_manager/loader.php
REGEX: ~(require|include)(_once)?\(([^)]+)~
LINE: 167
FILE: system/library/d_event_manager/proxy.php
NOT FOUND!
----------------------------------------------------------------
MOD: fondy_payment
FILE: catalog/controller/checkout/checkout.php
CODE: public function index() {
LINE: 11
FILE: catalog/view/theme/default/template/checkout/checkout.tpl
CODE: <h1><?php echo $heading_title; ?></h1>
LINE: 26
----------------------------------------------------------------
MOD: OcStore 2.3.x track number
FILE: admin/controller/sale/order.php
CODE: $data['shipping_method'] = $order_info['shipping_method'];
LINE: 567
LINE: 942
CODE: public function history() {
LINE: 1545
FILE: admin/model/sale/order.php
CODE: $order_query->row['order_id'],
LINE: 96
FILE: catalog/model/checkout/order.php
CODE: $order_query->row['order_id'],
LINE: 170
FILE: admin/view/template/sale/order_info.tpl
CODE: <td><?php echo $text_reward; ?></td>
LINE: 100
CODE: <?php echo $footer; ?>
LINE: 700
FILE: catalog/model/account/order.php
CODE: $order_query->row['order_id'],
LINE: 46
FILE: catalog/controller/account/order.php
CODE: if ($order_info['invoice_no']) {
LINE: 210
FILE: catalog/view/theme/default/template/account/order_info.tpl
CODE: <b><?php echo $text_shipping_method; ?></b> <?php echo $shipping_method; ?>
LINE: 49
----------------------------------------------------------------
MOD: d_event_manager
CODE: public function __construct($registry) {
LINE: 8
CODE: public function controller($route, $args = array()) {
NOT FOUND!
CODE: public function controller($route, $data = array()) {
LINE: 12
CODE: public function model($model) {
NOT FOUND!
CODE: public function model($model, $data = array()) {
NOT FOUND!
CODE: $this->registry->set('model_' . str_replace('/', '_', $model), new $class($this->registry));
NOT FOUND!
CODE: public function view($template, $data = array()) {
NOT FOUND!
CODE: public function config($config) {
NOT FOUND!
CODE: public function language($language) {
NOT FOUND!
CODE: public function __get($key) {
NOT FOUND!
CODE: public function __set($key, $value) {
NOT FOUND!
CODE: protected $registry;
LINE: 5
FILE: system/engine/front.php
CODE: while ($action) {
NOT FOUND!
CODE: private $registry;
NOT FOUND!
CODE: $result = $this->registry->get('event')->trigger('controller/' . $route . '/before', array(&$route, &$data));
NOT FOUND!
CODE: $this->registry->get('event')->trigger('view/' . $route . '/before', array(&$route, &$data));
NOT FOUND!
CODE: $template = new Template('basic');
NOT FOUND!
CODE: $this->registry->get('event')->trigger('view/' . $route . '/after', array(&$route, &$data, &$output));
LINE: 109
CODE: $this->registry->get('event')->trigger('config/' . $route . '/before', $route);
NOT FOUND!
CODE: $this->registry->get('event')->trigger('config/' . $route . '/after', $route);
NOT FOUND!
CODE: $this->registry->get('event')->trigger('language/' . $route . '/before', $route);
NOT FOUND!
CODE: $this->registry->get('event')->trigger('language/' . $route . '/after', $route);
NOT FOUND!
CODE: $result = $registry->get('event')->trigger('model/' . $route . '/before', array_merge(array(&$route), $args));
NOT FOUND!
CODE: $result = $registry->get('event')->trigger('model/' . $route . '/after', array_merge(array(&$route, &$output), $args));
NOT FOUND!
FILE: system/engine/event.php
CODE: foreach ($this->data as $key => $value) {
NOT FOUND!
CODE: if (!$output) {
LINE: 98
CODE: foreach ($this->data as $trigger => $actions) {
LINE: 24
----------------------------------------------------------------
MOD: d_opencart_patch
CODE: public function controller($route, $args = array()) {
LINE: 56
CODE: $controller = new $class($this->registry);
NOT FOUND!
CODE: public function controller($route, $data = array()) {
NOT FOUND!
CODE: $controller = new $class($this->registry);
NOT FOUND!
CODE: $file = DIR_LANGUAGE . $this->default . '/' . $filename . '.php';
LINE: 49
CODE: $parts = explode('/', str_replace('../', '', (string)$route));
NOT FOUND!
FILE: catalog/controller/checkout/shipping_method.php
CODE: $quote = $this->{'model_shipping_' . $result['code']}->getQuote($this->session->data['shipping_address']);
NOT FOUND!
CODE: $this->load->model('shipping/' . $result['code']);
NOT FOUND!
FILE: catalog/controller/checkout/payment_method.php
CODE: $this->{'model_total_' . $result['code']}->getTotal($total_data, $total, $taxes);
NOT FOUND!
CODE: $this->load->model('total/' . $result['code']);
NOT FOUND!
CODE: $this->{'model_total_' . $result['code']}->getTotal($total_data);
NOT FOUND!
CODE: $method = $this->{'model_payment_' . $result['code']}->getMethod($this->session->data['payment_address'], $total);
NOT FOUND!
CODE: $this->load->model('payment/' . $result['code']);
NOT FOUND!
CODE: if ($recurring) {
LINE: 55
FILE: admin/controller/design/layout.php
CODE: $this->load->language('module/' . $code);
NOT FOUND!
FILE: admin/controller/user/user_permission.php
CODE: $files = glob(DIR_APPLICATION . 'controller/*/*.php');
NOT FOUND!
CODE: $permission = end($part) . '/' . basename($file, '.php');
NOT FOUND!
FILE: admin/controller/extension/installer.php
CODE: $modification_info = $this->model_extension_modification->getModificationByCode($code);
LINE: 457
----------------------------------------------------------------
MOD: d_twig_manager
CODE: $file = DIR_TEMPLATE . $template;
NOT FOUND!
CODE: $output = $template->render($route . '.tpl'
LINE: 150
----------------------------------------------------------------
MOD: Local copy OCMOD by iSenseLabs
CODE: 'url'  => str_replace('&amp;', '&', $this->url->link('extension/installer/ftp', 'token=' . $this->session->data['token'],
LINE: 131
CODE: public function unzip() {
LINE: 292
----------------------------------------------------------------
2018-08-31 12:41:24 - MOD: Modification Default

FILE: system/engine/action.php
REGEX: ~(require|include)(_once)?\(([^)]+)~
LINE: 41

FILE: system/engine/loader.php
REGEX: ~(require|include)(_once)?\(([^)]+)~
LINE: 49
LINE: 108
LINE: 120
LINE: 165

FILE: system/library/config.php
REGEX: ~(require|include)(_once)?\(([^)]+)~
LINE: 23

FILE: system/library/language.php
REGEX: ~(require|include)(_once)?\(([^)]+)~
LINE: 38
LINE: 40
LINE: 49
LINE: 51
LINE: 60
LINE: 62

FILE: system/library/template/php.php
REGEX: ~(require|include)(_once)?\(([^)]+)~
LINE: 18

FILE: system/library/template/tiwg.php
REGEX: ~(require|include)(_once)?\(([^)]+)~
LINE: 24

FILE: system/library/template/twig.php
NOT FOUND - OPERATIONS ABORTED!
----------------------------------------------------------------
MOD: d_event_manager_startup

FILE: system/library/d_event_manager/action.php
REGEX: ~(require|include)(_once)?\(([^)]+)~
LINE: 44

FILE: system/library/d_event_manager/event.php
NOT FOUND - OPERATIONS ABORTED!

FILE: system/library/d_event_manager/loader.php
REGEX: ~(require|include)(_once)?\(([^)]+)~
LINE: 167

FILE: system/library/d_event_manager/proxy.php
NOT FOUND - OPERATIONS ABORTED!
----------------------------------------------------------------
MOD: fondy_payment

FILE: catalog/controller/checkout/checkout.php
CODE: public function index() {
LINE: 11

FILE: catalog/view/theme/default/template/checkout/checkout.tpl
CODE: <h1><?php echo $heading_title; ?></h1>
LINE: 26
----------------------------------------------------------------
MOD: OcStore 2.3.x track number

FILE: admin/controller/sale/order.php
CODE: $data['shipping_method'] = $order_info['shipping_method'];
LINE: 567
LINE: 942
CODE: public function history() {
LINE: 1545

FILE: admin/model/sale/order.php
CODE: $order_query->row['order_id'],
LINE: 96

FILE: catalog/model/checkout/order.php
CODE: $order_query->row['order_id'],
LINE: 170

FILE: admin/view/template/sale/order_info.tpl
CODE: <td><?php echo $text_reward; ?></td>
LINE: 100
CODE: <?php echo $footer; ?>
LINE: 700

FILE: catalog/model/account/order.php
CODE: $order_query->row['order_id'],
LINE: 46

FILE: catalog/controller/account/order.php
CODE: if ($order_info['invoice_no']) {
LINE: 210

FILE: catalog/view/theme/default/template/account/order_info.tpl
CODE: <b><?php echo $text_shipping_method; ?></b> <?php echo $shipping_method; ?>
LINE: 49
----------------------------------------------------------------
MOD: Local copy OCMOD by iSenseLabs

FILE: admin/controller/extension/installer.php
CODE: 'url'  => str_replace('&amp;', '&', $this->url->link('extension/installer/ftp', 'token=' . $this->session->data['token'],
LINE: 131
CODE: public function unzip() {
LINE: 292
----------------------------------------------------------------
MOD: d_opencart_patch
CODE: public function controller($route, $args = array()) {
NOT FOUND - OPERATION SKIPPED!
CODE: $controller = new $class($this->registry);
NOT FOUND - OPERATION SKIPPED!
CODE: public function controller($route, $data = array()) {
LINE: 47
CODE: $controller = new $class($this->registry);
NOT FOUND - OPERATION SKIPPED!
CODE: $file = DIR_LANGUAGE . $this->default . '/' . $filename . '.php';
LINE: 49
CODE: $parts = explode('/', str_replace('../', '', (string)$route));
NOT FOUND - OPERATION SKIPPED!

FILE: catalog/controller/checkout/shipping_method.php
CODE: $quote = $this->{'model_shipping_' . $result['code']}->getQuote($this->session->data['shipping_address']);
NOT FOUND - OPERATION SKIPPED!
CODE: $this->load->model('shipping/' . $result['code']);
NOT FOUND - OPERATION SKIPPED!

FILE: catalog/controller/checkout/payment_method.php
CODE: $this->{'model_total_' . $result['code']}->getTotal($total_data, $total, $taxes);
NOT FOUND - OPERATION SKIPPED!
CODE: $this->load->model('total/' . $result['code']);
NOT FOUND - OPERATION SKIPPED!
CODE: $this->{'model_total_' . $result['code']}->getTotal($total_data);
NOT FOUND - OPERATION SKIPPED!
CODE: $method = $this->{'model_payment_' . $result['code']}->getMethod($this->session->data['payment_address'], $total);
NOT FOUND - OPERATION SKIPPED!
CODE: $this->load->model('payment/' . $result['code']);
NOT FOUND - OPERATION SKIPPED!
CODE: if ($recurring) {
LINE: 55

FILE: admin/controller/design/layout.php
CODE: $this->load->language('module/' . $code);
NOT FOUND - OPERATION SKIPPED!

FILE: admin/controller/user/user_permission.php
CODE: $files = glob(DIR_APPLICATION . 'controller/*/*.php');
NOT FOUND - OPERATION SKIPPED!
CODE: $permission = end($part) . '/' . basename($file, '.php');
NOT FOUND - OPERATION SKIPPED!
CODE: $modification_info = $this->model_extension_modification->getModificationByCode($code);
LINE: 533
----------------------------------------------------------------
MOD: d_twig_manager
CODE: $file = DIR_TEMPLATE . $template;
NOT FOUND - OPERATION SKIPPED!
CODE: $output = $template->render($route . '.tpl'
LINE: 131
----------------------------------------------------------------
MOD: d_event_manager
CODE: public function __construct($registry) {
LINE: 8
CODE: public function controller($route, $args = array()) {
NOT FOUND - OPERATION SKIPPED!
CODE: public function controller($route, $data = array()) {
LINE: 12
CODE: public function model($model) {
NOT FOUND - OPERATION SKIPPED!
CODE: public function model($model, $data = array()) {
NOT FOUND - OPERATION SKIPPED!
CODE: $this->registry->set('model_' . str_replace('/', '_', $model), new $class($this->registry));
NOT FOUND - OPERATION SKIPPED!
CODE: public function view($template, $data = array()) {
NOT FOUND - OPERATION SKIPPED!
CODE: public function config($config) {
NOT FOUND - OPERATION SKIPPED!
CODE: public function language($language) {
NOT FOUND - OPERATION SKIPPED!
CODE: public function __get($key) {
NOT FOUND - OPERATION SKIPPED!
CODE: public function __set($key, $value) {
NOT FOUND - OPERATION SKIPPED!
CODE: protected $registry;
LINE: 5

FILE: system/engine/front.php
CODE: while ($action) {
NOT FOUND - OPERATION SKIPPED!
CODE: private $registry;
NOT FOUND - OPERATION SKIPPED!
CODE: $result = $this->registry->get('event')->trigger('controller/' . $route . '/before', array(&$route, &$data));
NOT FOUND - OPERATION SKIPPED!
CODE: $this->registry->get('event')->trigger('view/' . $route . '/before', array(&$route, &$data));
NOT FOUND - OPERATION SKIPPED!
CODE: $template = new Template('basic');
NOT FOUND - OPERATION SKIPPED!
CODE: $this->registry->get('event')->trigger('view/' . $route . '/after', array(&$route, &$data, &$output));
LINE: 154
CODE: $this->registry->get('event')->trigger('config/' . $route . '/before', $route);
NOT FOUND - OPERATION SKIPPED!
CODE: $this->registry->get('event')->trigger('config/' . $route . '/after', $route);
NOT FOUND - OPERATION SKIPPED!
CODE: $this->registry->get('event')->trigger('language/' . $route . '/before', $route);
NOT FOUND - OPERATION SKIPPED!
CODE: $this->registry->get('event')->trigger('language/' . $route . '/after', $route);
NOT FOUND - OPERATION SKIPPED!
CODE: $result = $registry->get('event')->trigger('model/' . $route . '/before', array_merge(array(&$route), $args));
NOT FOUND - OPERATION SKIPPED!
CODE: $result = $registry->get('event')->trigger('model/' . $route . '/after', array_merge(array(&$route, &$output), $args));
NOT FOUND - OPERATION SKIPPED!

FILE: system/engine/event.php
CODE: foreach ($this->data as $key => $value) {
NOT FOUND - OPERATION SKIPPED!
CODE: if (!$output) {
LINE: 137
CODE: foreach ($this->data as $trigger => $actions) {
LINE: 24
----------------------------------------------------------------
